# Logfile created on 2014-09-10 13:17:49 +0100 by logger.rb/44203
I, [2014-09-10T13:17:49.627017 #59681]  INFO -- : 0:  json (1.8.1) from /Users/stuart/.rvm/rubies/ruby-2.1.0/lib/ruby/gems/2.1.0/specifications/default/json-1.8.1.gemspec
I, [2014-09-10T13:17:50.564279 #59681]  INFO -- : 0:  multi_xml (0.5.5) from /Users/stuart/.rvm/gems/ruby-2.1.0@certificate-factory/specifications/multi_xml-0.5.5.gemspec
I, [2014-09-10T13:17:51.586549 #59681]  INFO -- : 0:  httparty (0.13.1) from /Users/stuart/.rvm/gems/ruby-2.1.0@certificate-factory/specifications/httparty-0.13.1.gemspec
I, [2014-09-10T13:17:51.590645 #59681]  INFO -- : 0:  bundler (1.5.1) from /Users/stuart/.rvm/gems/ruby-2.1.0@global/specifications/bundler-1.5.1.gemspec
I, [2014-09-10T13:20:44.823197 #59708]  INFO -- : 0:  diff-lcs (1.2.5) from /Users/stuart/.rvm/gems/ruby-2.1.0@certificate-factory/specifications/diff-lcs-1.2.5.gemspec
I, [2014-09-10T13:20:44.823543 #59708]  INFO -- : 0:  json (1.8.1) from /Users/stuart/.rvm/rubies/ruby-2.1.0/lib/ruby/gems/2.1.0/specifications/default/json-1.8.1.gemspec
I, [2014-09-10T13:20:44.823839 #59708]  INFO -- : 0:  multi_xml (0.5.5) from /Users/stuart/.rvm/gems/ruby-2.1.0@certificate-factory/specifications/multi_xml-0.5.5.gemspec
I, [2014-09-10T13:20:44.824253 #59708]  INFO -- : 0:  httparty (0.13.1) from /Users/stuart/.rvm/gems/ruby-2.1.0@certificate-factory/specifications/httparty-0.13.1.gemspec
I, [2014-09-10T13:20:45.980206 #59708]  INFO -- : 0:  rspec-support (3.1.0) from /Users/stuart/.rvm/gems/ruby-2.1.0@certificate-factory/specifications/rspec-support-3.1.0.gemspec
I, [2014-09-10T13:20:47.128404 #59708]  INFO -- : 0:  rspec-core (3.1.2) from /Users/stuart/.rvm/gems/ruby-2.1.0@certificate-factory/specifications/rspec-core-3.1.2.gemspec
I, [2014-09-10T13:20:48.163121 #59708]  INFO -- : 0:  rspec-expectations (3.1.0) from /Users/stuart/.rvm/gems/ruby-2.1.0@certificate-factory/specifications/rspec-expectations-3.1.0.gemspec
I, [2014-09-10T13:20:49.074974 #59708]  INFO -- : 0:  rspec-mocks (3.1.0) from /Users/stuart/.rvm/gems/ruby-2.1.0@certificate-factory/specifications/rspec-mocks-3.1.0.gemspec
I, [2014-09-10T13:20:49.933415 #59708]  INFO -- : 0:  rspec (3.1.0) from /Users/stuart/.rvm/gems/ruby-2.1.0@certificate-factory/specifications/rspec-3.1.0.gemspec
I, [2014-09-10T13:20:49.934220 #59708]  INFO -- : 0:  bundler (1.5.1) from /Users/stuart/.rvm/gems/ruby-2.1.0@global/specifications/bundler-1.5.1.gemspec
I, [2014-09-10T13:22:36.743716 #59735]  INFO -- : 0:  multi_json (1.10.1) from /Users/stuart/.rvm/gems/ruby-2.1.0@certificate-factory/specifications/multi_json-1.10.1.gemspec
I, [2014-09-10T13:22:38.004298 #59735]  INFO -- : 0:  mime-types (2.3) from /Users/stuart/.rvm/gems/ruby-2.1.0@certificate-factory/specifications/mime-types-2.3.gemspec
I, [2014-09-10T13:22:38.844191 #59735]  INFO -- : 0:  netrc (0.7.7) from /Users/stuart/.rvm/gems/ruby-2.1.0@certificate-factory/specifications/netrc-0.7.7.gemspec
I, [2014-09-10T13:22:39.815261 #59735]  INFO -- : 0:  rest-client (1.7.2) from /Users/stuart/.rvm/gems/ruby-2.1.0@certificate-factory/specifications/rest-client-1.7.2.gemspec
I, [2014-09-10T13:22:40.722733 #59735]  INFO -- : 0:  docile (1.1.5) from /Users/stuart/.rvm/gems/ruby-2.1.0@certificate-factory/specifications/docile-1.1.5.gemspec
I, [2014-09-10T13:22:41.787431 #59735]  INFO -- : 0:  simplecov-html (0.8.0) from /Users/stuart/.rvm/gems/ruby-2.1.0@certificate-factory/specifications/simplecov-html-0.8.0.gemspec
I, [2014-09-10T13:22:42.816861 #59735]  INFO -- : 0:  simplecov (0.9.0) from /Users/stuart/.rvm/gems/ruby-2.1.0@certificate-factory/specifications/simplecov-0.9.0.gemspec
I, [2014-09-10T13:22:44.009261 #59735]  INFO -- : 0:  tins (1.3.2) from /Users/stuart/.rvm/gems/ruby-2.1.0@certificate-factory/specifications/tins-1.3.2.gemspec
I, [2014-09-10T13:22:45.575098 #59735]  INFO -- : 0:  term-ansicolor (1.3.0) from /Users/stuart/.rvm/gems/ruby-2.1.0@certificate-factory/specifications/term-ansicolor-1.3.0.gemspec
I, [2014-09-10T13:22:47.168948 #59735]  INFO -- : 0:  thor (0.19.1) from /Users/stuart/.rvm/gems/ruby-2.1.0@certificate-factory/specifications/thor-0.19.1.gemspec
I, [2014-09-10T13:22:48.582956 #59735]  INFO -- : 0:  coveralls (0.7.1) from /Users/stuart/.rvm/gems/ruby-2.1.0@certificate-factory/specifications/coveralls-0.7.1.gemspec
I, [2014-09-10T13:22:48.583428 #59735]  INFO -- : 0:  diff-lcs (1.2.5) from /Users/stuart/.rvm/gems/ruby-2.1.0@certificate-factory/specifications/diff-lcs-1.2.5.gemspec
I, [2014-09-10T13:22:48.583791 #59735]  INFO -- : 0:  json (1.8.1) from /Users/stuart/.rvm/rubies/ruby-2.1.0/lib/ruby/gems/2.1.0/specifications/default/json-1.8.1.gemspec
I, [2014-09-10T13:22:48.584150 #59735]  INFO -- : 0:  multi_xml (0.5.5) from /Users/stuart/.rvm/gems/ruby-2.1.0@certificate-factory/specifications/multi_xml-0.5.5.gemspec
I, [2014-09-10T13:22:48.584511 #59735]  INFO -- : 0:  httparty (0.13.1) from /Users/stuart/.rvm/gems/ruby-2.1.0@certificate-factory/specifications/httparty-0.13.1.gemspec
I, [2014-09-10T13:22:48.584872 #59735]  INFO -- : 0:  rspec-support (3.1.0) from /Users/stuart/.rvm/gems/ruby-2.1.0@certificate-factory/specifications/rspec-support-3.1.0.gemspec
I, [2014-09-10T13:22:48.585227 #59735]  INFO -- : 0:  rspec-core (3.1.2) from /Users/stuart/.rvm/gems/ruby-2.1.0@certificate-factory/specifications/rspec-core-3.1.2.gemspec
I, [2014-09-10T13:22:48.585585 #59735]  INFO -- : 0:  rspec-expectations (3.1.0) from /Users/stuart/.rvm/gems/ruby-2.1.0@certificate-factory/specifications/rspec-expectations-3.1.0.gemspec
I, [2014-09-10T13:22:48.585938 #59735]  INFO -- : 0:  rspec-mocks (3.1.0) from /Users/stuart/.rvm/gems/ruby-2.1.0@certificate-factory/specifications/rspec-mocks-3.1.0.gemspec
I, [2014-09-10T13:22:48.586740 #59735]  INFO -- : 0:  rspec (3.1.0) from /Users/stuart/.rvm/gems/ruby-2.1.0@certificate-factory/specifications/rspec-3.1.0.gemspec
I, [2014-09-10T13:22:48.587089 #59735]  INFO -- : 0:  bundler (1.5.1) from /Users/stuart/.rvm/gems/ruby-2.1.0@global/specifications/bundler-1.5.1.gemspec
